<?xml version="1.0" encoding="UTF-8"?>
<testng-results ignored="0" total="1" passed="1" failed="0" skipped="0">
  <reporter-output>
  </reporter-output>
  <suite started-at="2023-07-31T00:03:06 IST" name="Default suite" finished-at="2023-07-31T00:03:09 IST" duration-ms="2852">
    <groups>
    </groups>
    <test started-at="2023-07-31T00:03:06 IST" name="Default test" finished-at="2023-07-31T00:03:09 IST" duration-ms="2852">
      <class name="api.WeatherAPITest">
        <test-method signature="testWeatherData()[pri:0, instance:api.WeatherAPITest@f0e995e]" started-at="2023-07-31T00:03:06 IST" name="testWeatherData" finished-at="2023-07-31T00:03:09 IST" duration-ms="2828" status="PASS">
          <reporter-output>
          </reporter-output>
        </test-method> <!-- testWeatherData -->
      </class> <!-- api.WeatherAPITest -->
    </test> <!-- Default test -->
  </suite> <!-- Default suite -->
</testng-results>
